TN:
SF:src/server.ts
FN:131,(anonymous_8)
FN:160,(anonymous_9)
FN:166,(anonymous_10)
FN:166,(anonymous_11)
FNF:4
FNH:0
FNDA:0,(anonymous_8)
FNDA:0,(anonymous_9)
FNDA:0,(anonymous_10)
FNDA:0,(anonymous_11)
DA:1,6
DA:2,6
DA:4,6
DA:5,6
DA:11,6
DA:24,6
DA:32,6
DA:36,6
DA:37,6
DA:38,6
DA:39,6
DA:40,6
DA:44,6
DA:47,6
DA:49,6
DA:50,6
DA:53,6
DA:57,6
DA:58,6
DA:61,6
DA:62,6
DA:63,6
DA:67,6
DA:71,6
DA:93,6
DA:97,6
DA:100,6
DA:101,6
DA:102,6
DA:103,6
DA:104,6
DA:105,6
DA:107,6
DA:108,6
DA:109,6
DA:110,6
DA:111,6
DA:112,6
DA:114,6
DA:131,6
DA:132,0
DA:160,6
DA:161,0
DA:165,6
DA:166,0
DA:167,0
DA:168,0
DA:170,0
DA:171,0
DA:172,0
DA:173,0
DA:175,0
DA:181,6
LF:53
LH:43
BRDA:114,0,0,6
BRDA:114,0,1,6
BRDA:165,1,0,0
BRF:3
BRH:2
end_of_record
TN:
SF:src/@types/express/index.d.ts
FNF:0
FNH:0
LF:0
LH:0
BRF:0
BRH:0
end_of_record
TN:
SF:src/middleware/adminMiddleware.ts
FN:5,(anonymous_7)
FN:5,(anonymous_8)
FNF:2
FNH:2
FNDA:6,(anonymous_7)
FNDA:6,(anonymous_8)
DA:2,6
DA:3,6
DA:5,6
DA:6,6
DA:8,6
DA:9,0
DA:10,0
DA:11,0
DA:14,6
DA:15,6
DA:17,6
DA:18,6
DA:22,6
DA:23,0
DA:24,0
DA:25,0
DA:28,6
DA:29,1
DA:30,1
DA:31,1
DA:34,5
DA:35,5
DA:38,0
DA:39,0
LF:24
LH:16
BRDA:8,0,0,0
BRDA:8,1,0,6
BRDA:8,1,1,6
BRDA:22,2,0,0
BRDA:28,3,0,1
BRF:5
BRH:3
end_of_record
TN:
SF:src/middleware/attachIo.ts
FN:4,(anonymous_0)
FNF:1
FNH:1
FNDA:6,(anonymous_0)
DA:2,6
DA:4,6
DA:6,6
DA:7,6
LF:4
LH:4
BRF:0
BRH:0
end_of_record
TN:
SF:src/middleware/authMiddleware.ts
FN:6,(anonymous_1)
FN:19,(anonymous_2)
FNF:2
FNH:2
FNDA:42,(anonymous_1)
FNDA:30,(anonymous_2)
DA:2,6
DA:3,6
DA:6,6
DA:7,42
DA:8,42
DA:10,42
DA:11,12
DA:12,12
DA:13,12
DA:16,30
DA:17,30
DA:19,30
DA:20,30
DA:21,1
DA:22,1
DA:23,1
DA:24,1
DA:25,0
DA:26,0
DA:28,1
DA:29,1
DA:33,29
DA:35,29
DA:36,29
DA:38,0
DA:40,0
DA:41,0
DA:43,29
LF:28
LH:23
BRDA:8,0,0,42
BRDA:8,0,1,30
BRDA:10,1,0,12
BRDA:17,2,0,30
BRDA:17,2,1,0
BRDA:20,3,0,1
BRDA:24,4,0,0
BRDA:35,5,0,29
BRDA:35,5,1,0
BRDA:35,6,0,29
BRDA:35,6,1,29
BRDA:35,6,2,29
BRF:12
BRH:9
end_of_record
TN:
SF:src/routes/admin.ts
FN:61,(anonymous_8)
FN:61,(anonymous_9)
FN:159,(anonymous_10)
FN:159,(anonymous_11)
FN:184,(anonymous_12)
FN:243,(anonymous_13)
FN:243,(anonymous_14)
FN:328,(anonymous_15)
FN:328,(anonymous_16)
FN:394,(anonymous_17)
FN:394,(anonymous_18)
FN:503,(anonymous_19)
FN:503,(anonymous_20)
FN:603,(anonymous_21)
FN:603,(anonymous_22)
FN:658,(anonymous_23)
FN:658,(anonymous_24)
FN:682,(anonymous_25)
FN:703,(anonymous_26)
FN:788,(anonymous_27)
FN:788,(anonymous_28)
FNF:21
FNH:10
FNDA:1,(anonymous_8)
FNDA:1,(anonymous_9)
FNDA:1,(anonymous_10)
FNDA:1,(anonymous_11)
FNDA:0,(anonymous_12)
FNDA:1,(anonymous_13)
FNDA:1,(anonymous_14)
FNDA:1,(anonymous_15)
FNDA:1,(anonymous_16)
FNDA:0,(anonymous_17)
FNDA:0,(anonymous_18)
FNDA:1,(anonymous_19)
FNDA:1,(anonymous_20)
FNDA:0,(anonymous_21)
FNDA:0,(anonymous_22)
FNDA:0,(anonymous_23)
FNDA:0,(anonymous_24)
FNDA:0,(anonymous_25)
FNDA:0,(anonymous_26)
FNDA:0,(anonymous_27)
FNDA:0,(anonymous_28)
DA:1,6
DA:2,6
DA:3,6
DA:4,6
DA:5,6
DA:6,6
DA:7,6
DA:10,6
DA:11,6
DA:12,6
DA:13,6
DA:14,6
DA:19,6
DA:20,6
DA:21,6
DA:23,6
DA:26,6
DA:27,6
DA:61,6
DA:62,1
DA:63,1
DA:65,1
DA:68,1
DA:71,1
DA:72,1
DA:74,1
DA:75,1
DA:79,1
DA:88,1
DA:91,1
DA:97,1
DA:99,1
DA:106,0
DA:107,0
DA:159,6
DA:160,1
DA:161,1
DA:163,1
DA:164,1
DA:182,1
DA:184,1
DA:192,1
DA:195,0
DA:196,0
DA:243,6
DA:244,1
DA:245,1
DA:246,1
DA:247,1
DA:248,1
DA:249,1
DA:250,1
DA:252,1
DA:257,1
DA:258,0
DA:259,0
DA:262,1
DA:263,1
DA:267,1
DA:268,0
DA:269,0
DA:273,1
DA:274,0
DA:278,0
DA:281,1
DA:282,1
DA:290,1
DA:291,1
DA:293,1
DA:301,0
DA:302,0
DA:328,6
DA:329,1
DA:330,1
DA:332,1
DA:334,1
DA:335,0
DA:336,0
DA:339,1
DA:340,1
DA:341,1
DA:342,0
DA:343,0
DA:345,1
DA:346,0
DA:347,0
DA:351,1
DA:352,1
DA:353,1
DA:354,1
DA:355,1
DA:358,1
DA:359,1
DA:360,1
DA:361,1
DA:365,1
DA:366,1
DA:367,1
DA:369,0
DA:372,0
DA:378,1
DA:379,1
DA:380,1
DA:381,1
DA:382,1
DA:387,1
DA:388,0
DA:389,0
DA:390,0
DA:393,0
DA:394,0
DA:395,0
DA:398,0
DA:402,0
DA:407,0
DA:408,0
DA:409,0
DA:410,0
DA:411,0
DA:412,0
DA:413,0
DA:415,0
DA:416,0
DA:417,0
DA:418,0
DA:420,0
DA:424,1
DA:427,0
DA:433,1
DA:440,1
DA:444,1
DA:445,1
DA:446,1
DA:447,0
DA:448,0
DA:449,0
DA:453,0
DA:456,1
DA:457,0
DA:458,0
DA:469,1
DA:470,1
DA:474,1
DA:477,0
DA:478,0
DA:503,6
DA:504,1
DA:505,1
DA:506,1
DA:508,1
DA:510,1
DA:511,0
DA:512,0
DA:514,1
DA:515,0
DA:516,0
DA:519,1
DA:521,1
DA:529,1
DA:530,0
DA:531,0
DA:532,0
DA:536,1
DA:540,1
DA:545,1
DA:546,1
DA:547,1
DA:548,0
DA:549,0
DA:550,0
DA:554,1
DA:555,0
DA:557,0
DA:562,1
DA:565,0
DA:570,1
DA:573,0
DA:574,0
DA:603,6
DA:604,0
DA:605,0
DA:608,0
DA:609,0
DA:610,0
DA:613,0
DA:615,0
DA:619,0
DA:620,0
DA:621,0
DA:622,0
DA:625,0
DA:626,0
DA:630,0
DA:631,0
DA:658,6
DA:659,0
DA:660,0
DA:661,0
DA:663,0
DA:664,0
DA:665,0
DA:668,0
DA:670,0
DA:672,0
DA:673,0
DA:674,0
DA:677,0
DA:680,0
DA:681,0
DA:682,0
DA:684,0
DA:686,0
DA:687,0
DA:691,0
DA:692,0
DA:693,0
DA:696,0
DA:697,0
DA:698,0
DA:702,0
DA:703,0
DA:704,0
DA:705,0
DA:706,0
DA:707,0
DA:709,0
DA:712,0
DA:718,0
DA:719,0
DA:720,0
DA:728,0
DA:730,0
DA:738,0
DA:739,0
DA:743,0
DA:744,0
DA:745,0
DA:747,0
DA:751,0
DA:754,0
DA:755,0
DA:788,6
DA:789,0
DA:790,0
DA:792,0
DA:793,0
DA:794,0
DA:797,0
DA:798,0
DA:810,0
DA:811,0
DA:812,0
DA:813,0
DA:814,0
DA:815,0
DA:817,0
DA:818,0
DA:819,0
DA:822,0
DA:823,0
DA:824,0
DA:827,0
DA:828,0
DA:837,6
LF:264
LH:118
BRDA:161,0,0,1
BRDA:161,0,1,1
BRDA:186,1,0,0
BRDA:186,1,1,0
BRDA:187,2,0,0
BRDA:187,2,1,0
BRDA:188,3,0,0
BRDA:188,3,1,0
BRDA:245,4,0,1
BRDA:245,4,1,1
BRDA:246,5,0,1
BRDA:246,5,1,1
BRDA:248,6,0,1
BRDA:248,6,1,1
BRDA:257,7,0,0
BRDA:257,7,1,1
BRDA:257,8,0,1
BRDA:257,8,1,0
BRDA:267,9,0,0
BRDA:267,10,0,1
BRDA:267,10,1,0
BRDA:273,11,0,0
BRDA:334,12,0,0
BRDA:341,13,0,0
BRDA:345,14,0,0
BRDA:359,15,0,1
BRDA:366,16,0,1
BRDA:366,16,1,0
BRDA:378,17,0,1
BRDA:387,18,0,0
BRDA:387,18,1,1
BRDA:411,19,0,0
BRDA:412,20,0,0
BRDA:413,21,0,0
BRDA:413,22,0,0
BRDA:413,22,1,0
BRDA:416,23,0,0
BRDA:417,24,0,0
BRDA:445,25,0,1
BRDA:445,25,1,0
BRDA:445,26,0,1
BRDA:445,26,1,1
BRDA:447,27,0,0
BRDA:456,28,0,0
BRDA:456,28,1,1
BRDA:456,29,0,1
BRDA:456,29,1,0
BRDA:469,30,0,1
BRDA:470,31,0,0
BRDA:510,32,0,0
BRDA:514,33,0,0
BRDA:514,34,0,1
BRDA:514,34,1,1
BRDA:514,34,2,1
BRDA:529,35,0,0
BRDA:545,36,0,1
BRDA:545,36,1,0
BRDA:545,37,0,1
BRDA:545,37,1,1
BRDA:548,38,0,0
BRDA:554,39,0,0
BRDA:554,39,1,1
BRDA:608,40,0,0
BRDA:619,41,0,0
BRDA:663,42,0,0
BRDA:672,43,0,0
BRDA:681,44,0,0
BRDA:681,45,0,0
BRDA:681,45,1,0
BRDA:684,46,0,0
BRDA:684,47,0,0
BRDA:684,47,1,0
BRDA:686,48,0,0
BRDA:686,48,1,0
BRDA:691,49,0,0
BRDA:691,50,0,0
BRDA:691,50,1,0
BRDA:692,51,0,0
BRDA:692,51,1,0
BRDA:696,52,0,0
BRDA:696,53,0,0
BRDA:696,53,1,0
BRDA:697,54,0,0
BRDA:697,54,1,0
BRDA:704,55,0,0
BRDA:704,55,1,0
BRDA:792,56,0,0
BRDA:792,57,0,0
BRDA:792,57,1,0
BRDA:810,58,0,0
BRDA:810,59,0,0
BRDA:810,59,1,0
BRDA:812,60,0,0
BRF:93
BRH:28
end_of_record
TN:
SF:src/routes/auth.ts
FN:64,(anonymous_8)
FN:88,(anonymous_9)
FN:170,(anonymous_10)
FN:170,(anonymous_11)
FN:285,(anonymous_12)
FN:285,(anonymous_13)
FN:454,(anonymous_14)
FN:454,(anonymous_15)
FN:503,(anonymous_16)
FN:529,(anonymous_17)
FN:529,(anonymous_18)
FN:706,(anonymous_19)
FN:719,(anonymous_20)
FN:719,(anonymous_21)
FN:859,(anonymous_22)
FN:899,(anonymous_23)
FN:959,(anonymous_24)
FN:965,(anonymous_25)
FN:967,(anonymous_26)
FN:967,(anonymous_27)
FN:1011,(anonymous_28)
FN:1075,(anonymous_29)
FN:1080,(anonymous_30)
FN:1082,(anonymous_31)
FN:1082,(anonymous_32)
FNF:25
FNH:4
FNDA:0,(anonymous_8)
FNDA:0,(anonymous_9)
FNDA:5,(anonymous_10)
FNDA:5,(anonymous_11)
FNDA:4,(anonymous_12)
FNDA:4,(anonymous_13)
FNDA:0,(anonymous_14)
FNDA:0,(anonymous_15)
FNDA:0,(anonymous_16)
FNDA:0,(anonymous_17)
FNDA:0,(anonymous_18)
FNDA:0,(anonymous_19)
FNDA:0,(anonymous_20)
FNDA:0,(anonymous_21)
FNDA:0,(anonymous_22)
FNDA:0,(anonymous_23)
FNDA:0,(anonymous_24)
FNDA:0,(anonymous_25)
FNDA:0,(anonymous_26)
FNDA:0,(anonymous_27)
FNDA:0,(anonymous_28)
FNDA:0,(anonymous_29)
FNDA:0,(anonymous_30)
FNDA:0,(anonymous_31)
FNDA:0,(anonymous_32)
DA:1,6
DA:2,6
DA:3,6
DA:4,6
DA:5,6
DA:6,6
DA:9,6
DA:10,6
DA:12,6
DA:27,6
DA:28,6
DA:30,6
DA:31,6
DA:32,6
DA:33,6
DA:35,6
DA:38,6
DA:64,6
DA:65,0
DA:66,0
DA:68,0
DA:69,0
DA:72,0
DA:85,6
DA:88,6
DA:89,0
DA:90,0
DA:91,0
DA:93,0
DA:94,0
DA:99,6
DA:166,6
DA:170,5
DA:171,5
DA:172,5
DA:173,5
DA:174,2
DA:175,2
DA:178,3
DA:181,3
DA:182,3
DA:183,1
DA:184,1
DA:188,2
DA:189,2
DA:192,2
DA:198,2
DA:201,2
DA:206,2
DA:207,2
DA:211,2
DA:219,2
DA:226,0
DA:227,0
DA:281,6
DA:285,4
DA:286,4
DA:287,4
DA:288,4
DA:289,0
DA:290,0
DA:293,4
DA:296,4
DA:297,4
DA:298,1
DA:299,1
DA:303,3
DA:305,0
DA:308,0
DA:313,3
DA:314,3
DA:315,1
DA:316,1
DA:320,2
DA:321,0
DA:322,0
DA:323,0
DA:324,2
DA:325,0
DA:326,0
DA:327,0
DA:328,2
DA:330,0
DA:331,0
DA:332,0
DA:337,2
DA:338,0
DA:339,0
DA:343,0
DA:344,0
DA:346,0
DA:349,0
DA:355,2
DA:356,2
DA:357,2
DA:367,2
DA:368,0
DA:369,0
DA:372,0
DA:378,2
DA:383,2
DA:384,2
DA:387,2
DA:393,2
DA:400,0
DA:401,0
DA:447,6
DA:454,0
DA:455,0
DA:456,0
DA:457,0
DA:459,0
DA:462,0
DA:463,0
DA:468,0
DA:470,0
DA:473,0
DA:474,0
DA:475,0
DA:476,0
DA:477,0
DA:482,0
DA:483,0
DA:484,0
DA:485,0
DA:489,0
DA:500,0
DA:502,0
DA:503,0
DA:504,0
DA:505,0
DA:508,0
DA:513,0
DA:514,0
DA:518,0
DA:519,0
DA:520,0
DA:521,0
DA:523,0
DA:529,6
DA:530,0
DA:532,0
DA:533,0
DA:535,0
DA:536,0
DA:538,0
DA:539,0
DA:541,0
DA:542,0
DA:543,0
DA:546,0
DA:547,0
DA:553,0
DA:554,0
DA:556,0
DA:557,0
DA:558,0
DA:561,0
DA:569,0
DA:571,0
DA:572,0
DA:573,0
DA:574,0
DA:576,0
DA:577,0
DA:579,0
DA:586,0
DA:589,0
DA:594,0
DA:596,0
DA:603,0
DA:607,0
DA:609,0
DA:610,0
DA:703,6
DA:707,0
DA:708,0
DA:709,0
DA:710,0
DA:712,0
DA:713,0
DA:719,0
DA:720,0
DA:724,0
DA:726,0
DA:727,0
DA:728,0
DA:729,0
DA:731,0
DA:732,0
DA:735,0
DA:736,0
DA:737,0
DA:738,0
DA:739,0
DA:740,0
DA:741,0
DA:742,0
DA:744,0
DA:745,0
DA:746,0
DA:747,0
DA:749,0
DA:750,0
DA:751,0
DA:752,0
DA:755,0
DA:756,0
DA:757,0
DA:758,0
DA:763,0
DA:764,0
DA:765,0
DA:766,0
DA:767,0
DA:769,0
DA:771,0
DA:772,0
DA:776,0
DA:777,0
DA:778,0
DA:779,0
DA:780,0
DA:787,0
DA:788,0
DA:789,0
DA:793,0
DA:797,0
DA:798,0
DA:799,0
DA:801,0
DA:802,0
DA:806,0
DA:807,0
DA:808,0
DA:809,0
DA:810,0
DA:817,0
DA:818,0
DA:819,0
DA:822,0
DA:826,0
DA:827,0
DA:828,0
DA:830,0
DA:831,0
DA:836,0
DA:853,0
DA:857,0
DA:858,0
DA:859,0
DA:860,0
DA:866,0
DA:872,0
DA:876,0
DA:885,0
DA:892,0
DA:896,0
DA:898,0
DA:899,0
DA:900,0
DA:901,0
DA:904,0
DA:922,6
DA:958,6
DA:960,0
DA:961,0
DA:962,0
DA:963,0
DA:966,0
DA:967,0
DA:968,0
DA:969,0
DA:970,0
DA:971,0
DA:972,0
DA:974,0
DA:975,0
DA:977,0
DA:980,0
DA:982,0
DA:986,0
DA:988,0
DA:990,0
DA:995,0
DA:996,0
DA:997,0
DA:1000,0
DA:1002,0
DA:1003,0
DA:1011,0
DA:1012,0
DA:1013,0
DA:1014,0
DA:1016,0
DA:1017,0
DA:1020,0
DA:1022,0
DA:1027,0
DA:1030,0
DA:1031,0
DA:1032,0
DA:1051,6
DA:1074,6
DA:1076,0
DA:1077,0
DA:1078,0
DA:1081,0
DA:1082,0
DA:1083,0
DA:1084,0
DA:1086,0
DA:1087,0
DA:1088,0
DA:1090,0
DA:1091,0
DA:1092,0
DA:1095,0
DA:1097,0
DA:1098,0
DA:1100,0
DA:1101,0
DA:1103,0
DA:1104,0
DA:1105,0
DA:1106,0
DA:1109,0
DA:1111,0
DA:1113,0
DA:1115,0
DA:1117,0
DA:1120,0
DA:1121,0
DA:1122,0
DA:1131,6
LF:335
LH:78
BRDA:38,0,0,6
BRDA:38,0,1,6
BRDA:65,1,0,0
BRDA:65,1,1,0
BRDA:65,2,0,0
BRDA:65,2,1,0
BRDA:66,3,0,0
BRDA:66,3,1,0
BRDA:66,4,0,0
BRDA:66,4,1,0
BRDA:89,5,0,0
BRDA:89,5,1,0
BRDA:173,6,0,2
BRDA:182,7,0,1
BRDA:288,8,0,0
BRDA:297,9,0,1
BRDA:303,10,0,0
BRDA:314,11,0,1
BRDA:320,12,0,0
BRDA:320,12,1,2
BRDA:324,13,0,0
BRDA:324,13,1,2
BRDA:324,14,0,2
BRDA:324,14,1,2
BRDA:328,15,0,0
BRDA:337,16,0,0
BRDA:337,17,0,2
BRDA:337,17,1,0
BRDA:343,18,0,0
BRDA:343,18,1,0
BRDA:367,19,0,0
BRDA:457,20,0,0
BRDA:462,21,0,0
BRDA:462,22,0,0
BRDA:462,22,1,0
BRDA:473,23,0,0
BRDA:483,24,0,0
BRDA:504,25,0,0
BRDA:519,26,0,0
BRDA:519,27,0,0
BRDA:519,27,1,0
BRDA:532,28,0,0
BRDA:532,28,1,0
BRDA:532,29,0,0
BRDA:532,29,1,0
BRDA:538,30,0,0
BRDA:538,31,0,0
BRDA:538,31,1,0
BRDA:538,31,2,0
BRDA:538,31,3,0
BRDA:553,32,0,0
BRDA:571,33,0,0
BRDA:576,34,0,0
BRDA:576,34,1,0
BRDA:707,35,0,0
BRDA:707,36,0,0
BRDA:707,36,1,0
BRDA:724,37,0,0
BRDA:724,37,1,0
BRDA:724,38,0,0
BRDA:724,38,1,0
BRDA:726,39,0,0
BRDA:726,40,0,0
BRDA:726,40,1,0
BRDA:726,40,2,0
BRDA:737,41,0,0
BRDA:737,42,0,0
BRDA:737,42,1,0
BRDA:738,43,0,0
BRDA:738,44,0,0
BRDA:738,44,1,0
BRDA:738,44,2,0
BRDA:739,45,0,0
BRDA:739,46,0,0
BRDA:739,46,1,0
BRDA:739,46,2,0
BRDA:740,47,0,0
BRDA:740,48,0,0
BRDA:740,48,1,0
BRDA:741,49,0,0
BRDA:741,50,0,0
BRDA:741,50,1,0
BRDA:742,51,0,0
BRDA:742,52,0,0
BRDA:742,52,1,0
BRDA:744,53,0,0
BRDA:744,53,1,0
BRDA:744,54,0,0
BRDA:744,54,1,0
BRDA:744,55,0,0
BRDA:744,55,1,0
BRDA:744,56,0,0
BRDA:744,56,1,0
BRDA:746,57,0,0
BRDA:749,58,0,0
BRDA:749,58,1,0
BRDA:749,59,0,0
BRDA:749,59,1,0
BRDA:749,60,0,0
BRDA:749,60,1,0
BRDA:749,61,0,0
BRDA:749,61,1,0
BRDA:751,62,0,0
BRDA:755,63,0,0
BRDA:771,64,0,0
BRDA:771,65,0,0
BRDA:771,65,1,0
BRDA:771,65,2,0
BRDA:771,65,3,0
BRDA:771,65,4,0
BRDA:787,66,0,0
BRDA:797,67,0,0
BRDA:797,68,0,0
BRDA:797,68,1,0
BRDA:817,69,0,0
BRDA:826,70,0,0
BRDA:826,71,0,0
BRDA:826,71,1,0
BRDA:838,72,0,0
BRDA:838,72,1,0
BRDA:839,73,0,0
BRDA:839,73,1,0
BRDA:857,74,0,0
BRDA:860,75,0,0
BRDA:896,76,0,0
BRDA:898,77,0,0
BRDA:898,77,1,0
BRDA:899,78,0,0
BRDA:899,78,1,0
BRDA:899,79,0,0
BRDA:899,79,1,0
BRDA:900,80,0,0
BRDA:900,80,1,0
BRDA:904,81,0,0
BRDA:904,81,1,0
BRDA:970,82,0,0
BRDA:970,82,1,0
BRDA:974,83,0,0
BRDA:980,84,0,0
BRDA:980,84,1,0
BRDA:986,85,0,0
BRDA:986,85,1,0
BRDA:988,86,0,0
BRDA:988,86,1,0
BRDA:1002,87,0,0
BRDA:1012,88,0,0
BRDA:1020,89,0,0
BRDA:1020,89,1,0
BRDA:1020,90,0,0
BRDA:1020,90,1,0
BRDA:1020,90,2,0
BRDA:1031,91,0,0
BRDA:1031,91,1,0
BRDA:1031,92,0,0
BRDA:1031,92,1,0
BRDA:1031,93,0,0
BRDA:1031,93,1,0
BRDA:1086,94,0,0
BRDA:1086,94,1,0
BRDA:1090,95,0,0
BRDA:1095,96,0,0
BRDA:1095,96,1,0
BRDA:1098,97,0,0
BRDA:1098,97,1,0
BRDA:1100,98,0,0
BRDA:1100,98,1,0
BRDA:1100,99,0,0
BRDA:1100,99,1,0
BRDA:1113,100,0,0
BRDA:1113,100,1,0
BRDA:1113,101,0,0
BRDA:1113,101,1,0
BRDA:1113,101,2,0
BRDA:1121,102,0,0
BRDA:1121,102,1,0
BRDA:1121,103,0,0
BRDA:1121,103,1,0
BRDA:1121,104,0,0
BRDA:1121,104,1,0
BRF:179
BRH:11
end_of_record
TN:
SF:src/routes/main.ts
FN:62,(anonymous_8)
FN:62,(anonymous_9)
FNF:2
FNH:0
FNDA:0,(anonymous_8)
FNDA:0,(anonymous_9)
DA:1,6
DA:2,6
DA:3,6
DA:4,6
DA:5,6
DA:6,6
DA:8,6
DA:62,6
DA:64,0
DA:66,0
DA:68,0
DA:69,0
DA:72,0
DA:73,0
DA:75,0
DA:77,0
DA:78,0
DA:82,0
DA:83,0
DA:86,0
DA:93,0
DA:95,0
DA:96,0
DA:97,0
DA:105,0
DA:111,0
DA:112,0
DA:115,0
DA:116,0
DA:124,0
DA:125,0
DA:126,0
DA:127,0
DA:129,0
DA:132,0
DA:133,0
DA:137,6
LF:37
LH:9
BRDA:64,0,0,0
BRDA:64,0,1,0
BRDA:64,1,0,0
BRDA:64,1,1,0
BRDA:66,2,0,0
BRDA:75,3,0,0
BRDA:93,4,0,0
BRDA:93,4,1,0
BRDA:93,4,2,0
BRDA:95,5,0,0
BRDA:95,5,1,0
BRDA:108,6,0,0
BRDA:108,6,1,0
BRDA:111,7,0,0
BRF:14
BRH:0
end_of_record
TN:
SF:src/routes/matches.ts
FN:52,(anonymous_8)
FN:52,(anonymous_9)
FN:111,(anonymous_10)
FN:111,(anonymous_11)
FN:159,(anonymous_12)
FN:159,(anonymous_13)
FN:254,(anonymous_14)
FN:254,(anonymous_15)
FN:278,(anonymous_16)
FN:278,(anonymous_17)
FN:359,(anonymous_18)
FN:359,(anonymous_19)
FNF:12
FNH:8
FNDA:1,(anonymous_8)
FNDA:1,(anonymous_9)
FNDA:4,(anonymous_10)
FNDA:4,(anonymous_11)
FNDA:0,(anonymous_12)
FNDA:0,(anonymous_13)
FNDA:1,(anonymous_14)
FNDA:1,(anonymous_15)
FNDA:0,(anonymous_16)
FNDA:0,(anonymous_17)
FNDA:2,(anonymous_18)
FNDA:2,(anonymous_19)
DA:1,6
DA:2,6
DA:3,6
DA:4,6
DA:5,6
DA:6,6
DA:7,6
DA:8,6
DA:10,6
DA:11,6
DA:13,6
DA:16,6
DA:52,6
DA:53,1
DA:54,1
DA:56,1
DA:57,1
DA:58,1
DA:60,1
DA:61,0
DA:62,0
DA:65,1
DA:67,1
DA:78,1
DA:79,0
DA:80,0
DA:82,1
DA:83,1
DA:87,0
DA:88,0
DA:111,6
DA:112,4
DA:113,0
DA:115,4
DA:117,4
DA:119,4
DA:120,4
DA:122,4
DA:123,0
DA:124,0
DA:127,4
DA:128,1
DA:129,1
DA:132,3
DA:135,3
DA:136,0
DA:137,0
DA:140,3
DA:141,3
DA:142,0
DA:143,0
DA:146,3
DA:151,3
DA:152,0
DA:153,0
DA:155,0
DA:157,0
DA:158,0
DA:159,0
DA:160,0
DA:168,0
DA:172,0
DA:175,0
DA:176,0
DA:177,0
DA:178,0
DA:179,0
DA:180,0
DA:181,0
DA:183,0
DA:184,0
DA:185,0
DA:186,0
DA:188,0
DA:189,0
DA:190,0
DA:193,0
DA:196,0
DA:199,0
DA:200,0
DA:204,3
DA:205,3
DA:206,3
DA:208,3
DA:209,3
DA:210,3
DA:211,0
DA:212,0
DA:213,0
DA:216,3
DA:217,0
DA:218,0
DA:221,0
DA:224,3
DA:227,0
DA:228,0
DA:233,0
DA:234,0
DA:254,6
DA:255,1
DA:256,0
DA:258,1
DA:259,1
DA:261,1
DA:263,1
DA:264,1
DA:270,1
DA:271,1
DA:272,1
DA:275,0
DA:276,0
DA:278,0
DA:279,0
DA:280,0
DA:287,0
DA:289,0
DA:295,0
DA:297,0
DA:298,0
DA:301,0
DA:304,0
DA:306,0
DA:307,0
DA:308,0
DA:309,0
DA:310,0
DA:311,0
DA:313,0
DA:314,0
DA:316,0
DA:319,0
DA:321,0
DA:322,0
DA:323,0
DA:325,0
DA:326,0
DA:327,0
DA:330,0
DA:333,0
DA:336,0
DA:337,0
DA:338,0
DA:340,0
DA:359,6
DA:360,2
DA:361,0
DA:363,2
DA:364,2
DA:366,2
DA:367,0
DA:370,2
DA:371,2
DA:373,2
DA:374,1
DA:376,1
DA:377,1
DA:378,1
DA:379,0
DA:380,0
DA:381,0
DA:384,1
DA:385,0
DA:386,0
DA:389,0
DA:392,1
DA:394,1
DA:395,1
DA:399,0
DA:400,0
DA:406,6
LF:170
LH:75
BRDA:57,0,0,0
BRDA:57,0,1,1
BRDA:57,1,0,1
BRDA:57,1,1,1
BRDA:60,2,0,0
BRDA:60,3,0,1
BRDA:60,3,1,1
BRDA:60,3,2,1
BRDA:78,4,0,0
BRDA:78,4,1,1
BRDA:87,5,0,0
BRDA:87,5,1,0
BRDA:87,6,0,0
BRDA:87,6,1,0
BRDA:112,7,0,0
BRDA:112,8,0,4
BRDA:112,8,1,4
BRDA:122,9,0,0
BRDA:127,10,0,1
BRDA:135,11,0,0
BRDA:141,12,0,0
BRDA:151,13,0,0
BRDA:151,13,1,3
BRDA:179,14,0,0
BRDA:180,15,0,0
BRDA:181,16,0,0
BRDA:181,17,0,0
BRDA:181,17,1,0
BRDA:184,18,0,0
BRDA:188,19,0,0
BRDA:211,20,0,0
BRDA:216,21,0,0
BRDA:255,22,0,0
BRDA:255,23,0,1
BRDA:255,23,1,1
BRDA:270,24,0,1
BRDA:297,25,0,0
BRDA:310,26,0,0
BRDA:313,27,0,0
BRDA:316,28,0,0
BRDA:316,29,0,0
BRDA:316,29,1,0
BRDA:321,30,0,0
BRDA:325,31,0,0
BRDA:337,32,0,0
BRDA:337,33,0,0
BRDA:337,33,1,0
BRDA:337,33,2,0
BRDA:338,34,0,0
BRDA:338,34,1,0
BRDA:360,35,0,0
BRDA:360,36,0,2
BRDA:360,36,1,2
BRDA:363,37,0,0
BRDA:363,37,1,2
BRDA:363,38,0,2
BRDA:363,38,1,2
BRDA:366,39,0,0
BRDA:373,40,0,1
BRDA:373,40,1,1
BRDA:379,41,0,0
BRDA:384,42,0,0
BRF:62
BRH:21
end_of_record
TN:
SF:src/routes/messages.ts
FN:54,(anonymous_8)
FN:54,(anonymous_9)
FN:162,(anonymous_10)
FN:162,(anonymous_11)
FN:190,(anonymous_12)
FN:230,(anonymous_13)
FN:230,(anonymous_14)
FNF:7
FNH:7
FNDA:4,(anonymous_8)
FNDA:4,(anonymous_9)
FNDA:5,(anonymous_10)
FNDA:5,(anonymous_11)
FNDA:4,(anonymous_12)
FNDA:2,(anonymous_13)
FNDA:2,(anonymous_14)
DA:1,6
DA:2,6
DA:3,6
DA:4,6
DA:5,6
DA:6,6
DA:7,6
DA:8,6
DA:10,6
DA:54,6
DA:55,4
DA:56,4
DA:57,4
DA:59,4
DA:60,1
DA:63,3
DA:64,0
DA:68,3
DA:75,3
DA:76,1
DA:80,2
DA:81,0
DA:85,2
DA:93,2
DA:96,2
DA:97,2
DA:98,2
DA:99,0
DA:100,0
DA:101,0
DA:105,2
DA:106,0
DA:118,0
DA:122,2
DA:132,0
DA:133,0
DA:162,6
DA:163,5
DA:164,5
DA:165,5
DA:168,5
DA:174,5
DA:175,1
DA:179,4
DA:180,1
DA:184,3
DA:190,4
DA:198,3
DA:200,0
DA:201,0
DA:230,6
DA:231,2
DA:232,2
DA:233,2
DA:236,2
DA:242,2
DA:243,1
DA:247,1
DA:248,0
DA:252,1
DA:255,1
DA:261,1
DA:262,1
DA:263,1
DA:264,0
DA:265,0
DA:266,0
DA:270,1
DA:271,0
DA:277,0
DA:281,1
DA:283,0
DA:284,0
DA:288,6
LF:74
LH:55
BRDA:57,0,0,0
BRDA:57,0,1,4
BRDA:57,1,0,4
BRDA:57,1,1,4
BRDA:59,2,0,1
BRDA:59,3,0,4
BRDA:59,3,1,4
BRDA:63,4,0,0
BRDA:75,5,0,1
BRDA:80,6,0,0
BRDA:80,7,0,2
BRDA:80,7,1,1
BRDA:93,8,0,1
BRDA:93,8,1,1
BRDA:99,9,0,0
BRDA:105,10,0,0
BRDA:165,11,0,0
BRDA:165,11,1,5
BRDA:165,12,0,5
BRDA:165,12,1,5
BRDA:174,13,0,1
BRDA:179,14,0,1
BRDA:179,15,0,4
BRDA:179,15,1,2
BRDA:195,16,0,4
BRDA:195,16,1,3
BRDA:233,17,0,0
BRDA:233,17,1,2
BRDA:233,18,0,2
BRDA:233,18,1,2
BRDA:242,19,0,1
BRDA:247,20,0,0
BRDA:247,21,0,1
BRDA:247,21,1,0
BRDA:252,22,0,1
BRDA:252,22,1,0
BRDA:264,23,0,0
BRDA:270,24,0,0
BRF:38
BRH:26
end_of_record
TN:
SF:src/routes/profile.ts
FN:72,(anonymous_8)
FN:72,(anonymous_9)
FN:158,(anonymous_10)
FN:158,(anonymous_11)
FN:273,(anonymous_12)
FN:273,(anonymous_13)
FN:299,(anonymous_14)
FN:317,(anonymous_15)
FN:377,(anonymous_16)
FN:424,(anonymous_17)
FN:424,(anonymous_18)
FN:514,(anonymous_19)
FN:564,(anonymous_20)
FN:564,(anonymous_21)
FN:651,(anonymous_22)
FNF:15
FNH:6
FNDA:2,(anonymous_8)
FNDA:2,(anonymous_9)
FNDA:1,(anonymous_10)
FNDA:1,(anonymous_11)
FNDA:0,(anonymous_12)
FNDA:0,(anonymous_13)
FNDA:0,(anonymous_14)
FNDA:0,(anonymous_15)
FNDA:0,(anonymous_16)
FNDA:1,(anonymous_17)
FNDA:1,(anonymous_18)
FNDA:0,(anonymous_19)
FNDA:0,(anonymous_20)
FNDA:0,(anonymous_21)
FNDA:0,(anonymous_22)
DA:1,6
DA:2,6
DA:3,6
DA:4,6
DA:5,6
DA:10,6
DA:11,6
DA:19,6
DA:20,6
DA:21,6
DA:22,6
DA:23,6
DA:40,6
DA:72,6
DA:73,2
DA:74,2
DA:76,2
DA:77,0
DA:78,0
DA:81,2
DA:82,2
DA:103,2
DA:104,0
DA:105,0
DA:108,2
DA:109,2
DA:113,0
DA:114,0
DA:158,6
DA:159,1
DA:160,1
DA:161,1
DA:162,1
DA:164,1
DA:165,0
DA:166,0
DA:169,1
DA:170,1
DA:171,1
DA:172,0
DA:173,0
DA:177,1
DA:178,1
DA:180,1
DA:182,1
DA:183,1
DA:184,11
DA:186,1
DA:187,1
DA:190,1
DA:193,1
DA:194,1
DA:195,1
DA:198,1
DA:199,0
DA:200,0
DA:201,0
DA:202,0
DA:203,0
DA:204,0
DA:205,0
DA:206,0
DA:207,0
DA:209,0
DA:210,0
DA:211,0
DA:213,0
DA:214,0
DA:215,0
DA:218,0
DA:219,0
DA:222,0
DA:223,0
DA:224,0
DA:229,1
DA:233,1
DA:237,0
DA:240,1
DA:241,1
DA:245,1
DA:246,1
DA:249,0
DA:250,0
DA:273,6
DA:274,0
DA:275,0
DA:276,0
DA:277,0
DA:279,0
DA:280,0
DA:281,0
DA:284,0
DA:285,0
DA:286,0
DA:287,0
DA:289,0
DA:293,0
DA:294,0
DA:297,0
DA:298,0
DA:299,0
DA:300,0
DA:301,0
DA:302,0
DA:306,0
DA:307,0
DA:308,0
DA:311,0
DA:312,0
DA:313,0
DA:316,0
DA:317,0
DA:318,0
DA:319,0
DA:320,0
DA:321,0
DA:323,0
DA:327,0
DA:333,0
DA:334,0
DA:335,0
DA:343,0
DA:345,0
DA:352,0
DA:353,0
DA:354,0
DA:356,0
DA:361,0
DA:362,0
DA:366,0
DA:369,0
DA:370,0
DA:375,6
DA:377,6
DA:378,0
DA:379,0
DA:382,6
DA:417,6
DA:424,1
DA:425,1
DA:426,1
DA:431,1
DA:433,1
DA:434,0
DA:435,0
DA:436,0
DA:439,1
DA:440,1
DA:441,1
DA:442,0
DA:443,0
DA:444,0
DA:447,1
DA:448,1
DA:451,1
DA:453,1
DA:454,1
DA:455,1
DA:456,1
DA:461,0
DA:462,0
DA:465,0
DA:466,0
DA:475,0
DA:476,0
DA:485,0
DA:492,0
DA:493,0
DA:497,0
DA:501,0
DA:504,0
DA:511,0
DA:513,0
DA:514,0
DA:515,0
DA:516,0
DA:519,0
DA:557,6
DA:564,0
DA:565,0
DA:566,0
DA:571,0
DA:573,0
DA:574,0
DA:575,0
DA:576,0
DA:579,0
DA:580,0
DA:581,0
DA:582,0
DA:583,0
DA:584,0
DA:588,0
DA:590,0
DA:591,0
DA:592,0
DA:593,0
DA:598,0
DA:599,0
DA:602,0
DA:603,0
DA:612,0
DA:613,0
DA:622,0
DA:629,0
DA:630,0
DA:634,0
DA:638,0
DA:641,0
DA:648,0
DA:650,0
DA:651,0
DA:652,0
DA:653,0
DA:656,0
DA:692,6
LF:216
LH:72
BRDA:73,0,0,0
BRDA:73,0,1,2
BRDA:73,1,0,2
BRDA:73,1,1,2
BRDA:76,2,0,0
BRDA:103,3,0,0
BRDA:161,4,0,0
BRDA:161,4,1,1
BRDA:161,5,0,1
BRDA:161,5,1,1
BRDA:164,6,0,0
BRDA:164,7,0,1
BRDA:164,7,1,1
BRDA:164,7,2,1
BRDA:171,8,0,0
BRDA:184,9,0,1
BRDA:193,10,0,1
BRDA:193,10,1,0
BRDA:198,11,0,0
BRDA:201,12,0,0
BRDA:201,12,1,0
BRDA:206,13,0,0
BRDA:206,14,0,0
BRDA:206,14,1,0
BRDA:206,14,2,0
BRDA:209,15,0,0
BRDA:209,15,1,0
BRDA:209,16,0,0
BRDA:209,16,1,0
BRDA:276,17,0,0
BRDA:276,17,1,0
BRDA:276,18,0,0
BRDA:276,18,1,0
BRDA:279,19,0,0
BRDA:279,20,0,0
BRDA:279,20,1,0
BRDA:286,21,0,0
BRDA:298,22,0,0
BRDA:298,23,0,0
BRDA:298,23,1,0
BRDA:300,24,0,0
BRDA:300,25,0,0
BRDA:300,25,1,0
BRDA:301,26,0,0
BRDA:301,26,1,0
BRDA:306,27,0,0
BRDA:306,28,0,0
BRDA:306,28,1,0
BRDA:307,29,0,0
BRDA:307,29,1,0
BRDA:311,30,0,0
BRDA:311,31,0,0
BRDA:311,31,1,0
BRDA:312,32,0,0
BRDA:312,32,1,0
BRDA:318,33,0,0
BRDA:318,33,1,0
BRDA:369,34,0,0
BRDA:369,34,1,0
BRDA:369,35,0,0
BRDA:369,35,1,0
BRDA:378,36,0,0
BRDA:378,36,1,0
BRDA:425,37,0,0
BRDA:425,37,1,1
BRDA:425,38,0,1
BRDA:425,38,1,1
BRDA:433,39,0,0
BRDA:441,40,0,0
BRDA:453,41,0,1
BRDA:461,42,0,0
BRDA:461,42,1,0
BRDA:462,43,0,0
BRDA:462,43,1,0
BRDA:465,44,0,0
BRDA:465,45,0,0
BRDA:465,45,1,0
BRDA:465,46,0,0
BRDA:465,46,1,0
BRDA:465,47,0,0
BRDA:465,47,1,0
BRDA:475,48,0,0
BRDA:475,49,0,0
BRDA:475,49,1,0
BRDA:475,50,0,0
BRDA:475,50,1,0
BRDA:475,51,0,0
BRDA:475,51,1,0
BRDA:487,52,0,0
BRDA:487,52,1,0
BRDA:487,53,0,0
BRDA:487,53,1,0
BRDA:487,54,0,0
BRDA:487,54,1,0
BRDA:488,55,0,0
BRDA:488,55,1,0
BRDA:488,56,0,0
BRDA:488,56,1,0
BRDA:488,57,0,0
BRDA:488,57,1,0
BRDA:505,58,0,0
BRDA:505,58,1,0
BRDA:513,59,0,0
BRDA:513,59,1,0
BRDA:514,60,0,0
BRDA:514,60,1,0
BRDA:514,61,0,0
BRDA:514,61,1,0
BRDA:515,62,0,0
BRDA:515,62,1,0
BRDA:519,63,0,0
BRDA:519,63,1,0
BRDA:565,64,0,0
BRDA:565,64,1,0
BRDA:565,65,0,0
BRDA:565,65,1,0
BRDA:573,66,0,0
BRDA:581,67,0,0
BRDA:590,68,0,0
BRDA:598,69,0,0
BRDA:598,69,1,0
BRDA:599,70,0,0
BRDA:599,70,1,0
BRDA:602,71,0,0
BRDA:602,72,0,0
BRDA:602,72,1,0
BRDA:602,73,0,0
BRDA:602,73,1,0
BRDA:602,74,0,0
BRDA:602,74,1,0
BRDA:612,75,0,0
BRDA:612,76,0,0
BRDA:612,76,1,0
BRDA:612,77,0,0
BRDA:612,77,1,0
BRDA:612,78,0,0
BRDA:612,78,1,0
BRDA:624,79,0,0
BRDA:624,79,1,0
BRDA:624,80,0,0
BRDA:624,80,1,0
BRDA:624,81,0,0
BRDA:624,81,1,0
BRDA:625,82,0,0
BRDA:625,82,1,0
BRDA:625,83,0,0
BRDA:625,83,1,0
BRDA:625,84,0,0
BRDA:625,84,1,0
BRDA:650,85,0,0
BRDA:650,85,1,0
BRDA:651,86,0,0
BRDA:651,86,1,0
BRDA:651,87,0,0
BRDA:651,87,1,0
BRDA:652,88,0,0
BRDA:652,88,1,0
BRDA:656,89,0,0
BRDA:656,89,1,0
BRF:159
BRH:15
end_of_record
TN:
SF:src/services/profileService.ts
FN:16,(anonymous_8)
FN:21,(anonymous_9)
FN:61,(anonymous_10)
FN:65,(anonymous_11)
FN:89,(anonymous_12)
FN:123,(anonymous_13)
FN:143,(anonymous_14)
FNF:7
FNH:0
FNDA:0,(anonymous_8)
FNDA:0,(anonymous_9)
FNDA:0,(anonymous_10)
FNDA:0,(anonymous_11)
FNDA:0,(anonymous_12)
FNDA:0,(anonymous_13)
FNDA:0,(anonymous_14)
DA:1,6
DA:2,6
DA:3,6
DA:5,6
DA:6,6
DA:16,6
DA:21,0
DA:22,0
DA:24,0
DA:27,0
DA:29,0
DA:30,0
DA:33,0
DA:34,0
DA:36,0
DA:40,0
DA:41,0
DA:42,0
DA:43,0
DA:44,0
DA:46,0
DA:47,0
DA:51,0
DA:61,6
DA:65,0
DA:66,0
DA:69,0
DA:70,0
DA:74,0
DA:75,0
DA:76,0
DA:77,0
DA:79,0
DA:80,0
DA:89,6
DA:99,0
DA:101,0
DA:102,0
DA:103,0
DA:104,0
DA:105,0
DA:106,0
DA:107,0
DA:108,0
DA:111,0
DA:112,0
DA:114,0
DA:123,6
DA:127,0
DA:134,0
DA:143,6
DA:144,0
DA:146,0
LF:53
LH:10
BRDA:19,0,0,0
BRDA:20,1,0,0
BRDA:27,2,0,0
BRDA:27,2,1,0
BRDA:27,3,0,0
BRDA:27,3,1,0
BRDA:27,3,2,0
BRDA:34,4,0,0
BRDA:69,5,0,0
BRDA:101,6,0,0
BRDA:102,7,0,0
BRDA:103,8,0,0
BRDA:104,9,0,0
BRDA:105,10,0,0
BRDA:106,11,0,0
BRDA:107,12,0,0
BRDA:108,13,0,0
BRDA:125,14,0,0
BRDA:131,15,0,0
BRDA:131,15,1,0
BRDA:143,16,0,0
BRF:21
BRH:0
end_of_record
TN:
SF:src/socket/handlers.ts
FN:14,(anonymous_7)
FN:14,(anonymous_8)
FN:18,(anonymous_9)
FN:28,(anonymous_10)
FN:47,(anonymous_11)
FN:50,(anonymous_12)
FN:50,(anonymous_13)
FN:63,(anonymous_14)
FN:127,(anonymous_15)
FN:134,(anonymous_16)
FN:166,(anonymous_17)
FN:177,(anonymous_18)
FN:188,(anonymous_19)
FN:188,(anonymous_20)
FN:242,(anonymous_21)
FN:242,(anonymous_22)
FN:257,(anonymous_23)
FN:257,(anonymous_24)
FN:321,(anonymous_25)
FN:321,(anonymous_26)
FN:383,(anonymous_27)
FN:391,(anonymous_28)
FN:395,(anonymous_29)
FN:449,(anonymous_30)
FN:449,(anonymous_31)
FN:461,(anonymous_32)
FN:465,(anonymous_33)
FN:470,(anonymous_34)
FNF:28
FNH:0
FNDA:0,(anonymous_7)
FNDA:0,(anonymous_8)
FNDA:0,(anonymous_9)
FNDA:0,(anonymous_10)
FNDA:0,(anonymous_11)
FNDA:0,(anonymous_12)
FNDA:0,(anonymous_13)
FNDA:0,(anonymous_14)
FNDA:0,(anonymous_15)
FNDA:0,(anonymous_16)
FNDA:0,(anonymous_17)
FNDA:0,(anonymous_18)
FNDA:0,(anonymous_19)
FNDA:0,(anonymous_20)
FNDA:0,(anonymous_21)
FNDA:0,(anonymous_22)
FNDA:0,(anonymous_23)
FNDA:0,(anonymous_24)
FNDA:0,(anonymous_25)
FNDA:0,(anonymous_26)
FNDA:0,(anonymous_27)
FNDA:0,(anonymous_28)
FNDA:0,(anonymous_29)
FNDA:0,(anonymous_30)
FNDA:0,(anonymous_31)
FNDA:0,(anonymous_32)
FNDA:0,(anonymous_33)
FNDA:0,(anonymous_34)
DA:3,6
DA:4,6
DA:5,6
DA:6,6
DA:7,6
DA:8,6
DA:11,6
DA:14,6
DA:15,0
DA:16,0
DA:17,0
DA:18,0
DA:19,0
DA:20,0
DA:22,0
DA:23,0
DA:28,6
DA:30,0
DA:31,0
DA:32,0
DA:33,0
DA:36,0
DA:37,0
DA:38,0
DA:39,0
DA:40,0
DA:42,0
DA:45,0
DA:46,0
DA:47,0
DA:50,0
DA:52,0
DA:53,0
DA:54,0
DA:57,0
DA:58,0
DA:59,0
DA:60,0
DA:61,0
DA:63,0
DA:64,0
DA:65,0
DA:66,0
DA:69,0
DA:72,0
DA:73,0
DA:74,0
DA:78,0
DA:79,0
DA:80,0
DA:83,0
DA:84,0
DA:85,0
DA:86,0
DA:89,0
DA:90,0
DA:91,0
DA:93,0
DA:94,0
DA:95,0
DA:99,0
DA:100,0
DA:101,0
DA:102,0
DA:103,0
DA:106,0
DA:108,0
DA:110,0
DA:111,0
DA:112,0
DA:113,0
DA:114,0
DA:117,0
DA:118,0
DA:120,0
DA:121,0
DA:122,0
DA:123,0
DA:125,0
DA:127,0
DA:130,0
DA:131,0
DA:133,0
DA:134,0
DA:135,0
DA:139,0
DA:140,0
DA:141,0
DA:142,0
DA:143,0
DA:145,0
DA:146,0
DA:147,0
DA:148,0
DA:149,0
DA:155,0
DA:157,0
DA:163,0
DA:164,0
DA:165,0
DA:166,0
DA:168,0
DA:169,0
DA:171,0
DA:172,0
DA:175,0
DA:177,0
DA:178,0
DA:180,0
DA:181,0
DA:187,0
DA:188,0
DA:189,0
DA:190,0
DA:191,0
DA:192,0
DA:193,0
DA:194,0
DA:195,0
DA:196,0
DA:198,0
DA:199,0
DA:203,0
DA:204,0
DA:205,0
DA:206,0
DA:216,0
DA:217,0
DA:218,0
DA:219,0
DA:220,0
DA:223,0
DA:226,0
DA:227,0
DA:228,0
DA:229,0
DA:232,0
DA:233,0
DA:236,0
DA:238,0
DA:239,0
DA:240,0
DA:242,0
DA:243,0
DA:244,0
DA:245,0
DA:246,0
DA:247,0
DA:249,0
DA:257,0
DA:258,0
DA:259,0
DA:262,0
DA:263,0
DA:264,0
DA:265,0
DA:269,0
DA:270,0
DA:271,0
DA:272,0
DA:273,0
DA:277,0
DA:278,0
DA:279,0
DA:280,0
DA:281,0
DA:283,0
DA:284,0
DA:287,0
DA:288,0
DA:289,0
DA:290,0
DA:291,0
DA:294,0
DA:295,0
DA:301,0
DA:303,0
DA:309,0
DA:311,0
DA:312,0
DA:315,0
DA:316,0
DA:321,0
DA:322,0
DA:323,0
DA:324,0
DA:325,0
DA:326,0
DA:329,0
DA:330,0
DA:331,0
DA:332,0
DA:334,0
DA:335,0
DA:336,0
DA:338,0
DA:339,0
DA:340,0
DA:341,0
DA:343,0
DA:344,0
DA:345,0
DA:346,0
DA:347,0
DA:351,0
DA:352,0
DA:353,0
DA:354,0
DA:355,0
DA:358,0
DA:359,0
DA:360,0
DA:363,0
DA:364,0
DA:365,0
DA:369,0
DA:370,0
DA:371,0
DA:372,0
DA:376,0
DA:377,0
DA:378,0
DA:379,0
DA:380,0
DA:382,0
DA:383,0
DA:386,0
DA:387,0
DA:388,0
DA:389,0
DA:390,0
DA:392,0
DA:393,0
DA:395,0
DA:397,0
DA:401,0
DA:402,0
DA:405,0
DA:406,0
DA:409,0
DA:410,0
DA:411,0
DA:413,0
DA:418,0
DA:421,0
DA:422,0
DA:423,0
DA:424,0
DA:427,0
DA:428,0
DA:429,0
DA:430,0
DA:433,0
DA:434,0
DA:436,0
DA:437,0
DA:438,0
DA:439,0
DA:442,0
DA:443,0
DA:449,0
DA:450,0
DA:451,0
DA:452,0
DA:455,0
DA:461,0
DA:462,0
DA:463,0
DA:464,0
DA:465,0
DA:469,0
DA:470,0
DA:487,0
LF:273
LH:9
BRDA:11,0,0,6
BRDA:11,0,1,0
BRDA:15,1,0,0
BRDA:30,2,0,0
BRDA:30,3,0,0
BRDA:30,3,1,0
BRDA:42,4,0,0
BRDA:42,4,1,0
BRDA:52,5,0,0
BRDA:58,6,0,0
BRDA:58,7,0,0
BRDA:58,7,1,0
BRDA:58,8,0,0
BRDA:58,8,1,0
BRDA:63,9,0,0
BRDA:83,10,0,0
BRDA:83,10,1,0
BRDA:101,11,0,0
BRDA:106,12,0,0
BRDA:106,12,1,0
BRDA:118,13,0,0
BRDA:120,14,0,0
BRDA:120,14,1,0
BRDA:122,15,0,0
BRDA:145,16,0,0
BRDA:147,17,0,0
BRDA:147,17,1,0
BRDA:165,18,0,0
BRDA:165,18,1,0
BRDA:166,19,0,0
BRDA:166,19,1,0
BRDA:168,20,0,0
BRDA:168,20,1,0
BRDA:187,21,0,0
BRDA:187,21,1,0
BRDA:191,22,0,0
BRDA:191,22,1,0
BRDA:194,23,0,0
BRDA:194,23,1,0
BRDA:199,24,0,0
BRDA:203,25,0,0
BRDA:203,26,0,0
BRDA:203,26,1,0
BRDA:217,27,0,0
BRDA:217,27,1,0
BRDA:218,28,0,0
BRDA:240,29,0,0
BRDA:240,30,0,0
BRDA:240,30,1,0
BRDA:262,31,0,0
BRDA:262,32,0,0
BRDA:262,32,1,0
BRDA:270,33,0,0
BRDA:270,34,0,0
BRDA:270,34,1,0
BRDA:270,35,0,0
BRDA:270,35,1,0
BRDA:279,36,0,0
BRDA:283,37,0,0
BRDA:288,38,0,0
BRDA:288,39,0,0
BRDA:288,39,1,0
BRDA:288,39,2,0
BRDA:323,40,0,0
BRDA:340,41,0,0
BRDA:340,41,1,0
BRDA:341,42,0,0
BRDA:341,42,1,0
BRDA:344,43,0,0
BRDA:351,44,0,0
BRDA:351,45,0,0
BRDA:351,45,1,0
BRDA:354,46,0,0
BRDA:354,46,1,0
BRDA:354,47,0,0
BRDA:354,47,1,0
BRDA:354,48,0,0
BRDA:354,48,1,0
BRDA:354,49,0,0
BRDA:354,49,1,0
BRDA:358,50,0,0
BRDA:358,50,1,0
BRDA:363,51,0,0
BRDA:370,52,0,0
BRDA:377,53,0,0
BRDA:378,54,0,0
BRDA:380,55,0,0
BRDA:387,56,0,0
BRDA:387,56,1,0
BRDA:388,57,0,0
BRDA:389,58,0,0
BRDA:389,58,1,0
BRDA:392,59,0,0
BRDA:392,59,1,0
BRDA:401,60,0,0
BRDA:401,60,1,0
BRDA:402,61,0,0
BRDA:402,61,1,0
BRDA:409,62,0,0
BRDA:422,63,0,0
BRDA:422,63,1,0
BRDA:428,64,0,0
BRDA:428,64,1,0
BRDA:438,65,0,0
BRDA:462,66,0,0
BRF:105
BRH:1
end_of_record
TN:
SF:src/socket/index.ts
FN:13,initSocket
FN:22,(anonymous_9)
FN:22,(anonymous_10)
FN:98,(anonymous_11)
FNF:4
FNH:1
FNDA:6,initSocket
FNDA:0,(anonymous_9)
FNDA:0,(anonymous_10)
FNDA:0,(anonymous_11)
DA:1,6
DA:3,6
DA:4,6
DA:5,6
DA:6,6
DA:7,6
DA:9,6
DA:13,6
DA:14,6
DA:22,6
DA:23,0
DA:24,0
DA:25,0
DA:27,0
DA:29,0
DA:30,0
DA:31,0
DA:34,0
DA:36,0
DA:37,0
DA:38,0
DA:41,0
DA:42,0
DA:44,0
DA:47,0
DA:48,0
DA:49,0
DA:51,0
DA:52,0
DA:53,0
DA:55,0
DA:57,0
DA:61,0
DA:62,0
DA:63,0
DA:64,0
DA:65,0
DA:66,0
DA:67,0
DA:68,0
DA:70,0
DA:71,0
DA:74,0
DA:75,0
DA:79,0
DA:80,0
DA:82,0
DA:85,0
DA:86,0
DA:87,0
DA:88,0
DA:89,0
DA:90,0
DA:92,0
DA:98,6
DA:101,6
DA:102,6
LF:57
LH:13
BRDA:16,0,0,6
BRDA:16,0,1,6
BRDA:27,1,0,0
BRDA:27,1,1,0
BRDA:29,2,0,0
BRDA:41,3,0,0
BRDA:41,3,1,0
BRDA:47,4,0,0
BRDA:51,5,0,0
BRDA:51,6,0,0
BRDA:51,6,1,0
BRDA:65,7,0,0
BRDA:65,7,1,0
BRDA:66,8,0,0
BRDA:66,8,1,0
BRDA:66,9,0,0
BRDA:66,9,1,0
BRDA:87,10,0,0
BRDA:87,10,1,0
BRDA:89,11,0,0
BRF:20
BRH:2
end_of_record
TN:
SF:src/socket/state.ts
FNF:0
FNH:0
DA:14,6
DA:16,6
LF:2
LH:2
BRF:0
BRH:0
end_of_record
TN:
SF:src/types/express/index.d.ts
FNF:0
FNH:0
LF:0
LH:0
BRF:0
BRH:0
end_of_record
TN:
SF:src/utils/ensureAdmin.ts
FN:10,(anonymous_8)
FN:10,(anonymous_9)
FNF:2
FNH:0
FNDA:0,(anonymous_8)
FNDA:0,(anonymous_9)
DA:1,6
DA:2,6
DA:3,6
DA:5,6
DA:7,6
DA:8,6
DA:10,6
DA:11,0
DA:12,0
DA:13,0
DA:16,0
DA:17,0
DA:19,0
DA:20,0
DA:21,0
DA:23,0
DA:32,0
DA:35,0
DA:36,0
DA:38,0
DA:39,0
DA:40,0
DA:41,0
DA:44,0
DA:45,0
DA:46,0
DA:47,0
DA:59,0
DA:60,0
DA:62,0
DA:64,0
DA:68,0
LF:32
LH:7
BRDA:5,0,0,6
BRDA:5,0,1,6
BRDA:7,1,0,6
BRDA:7,1,1,6
BRDA:11,2,0,0
BRDA:19,3,0,0
BRDA:19,3,1,0
BRDA:38,4,0,0
BRDA:44,5,0,0
BRDA:59,6,0,0
BRDA:59,6,1,0
BRF:11
BRH:4
end_of_record
TN:
SF:src/utils/profileValidator.ts
FN:10,(anonymous_0)
FNF:1
FNH:1
FNDA:1,(anonymous_0)
DA:10,6
DA:25,1
DA:26,1
DA:29,1
DA:30,1
DA:31,1
DA:32,1
DA:33,1
DA:34,1
DA:35,1
DA:36,1
DA:37,1
DA:40,0
DA:41,0
DA:42,0
DA:43,0
DA:44,0
DA:45,0
DA:49,1
DA:50,0
DA:52,1
DA:53,0
DA:56,1
LF:23
LH:15
BRDA:23,0,0,0
BRDA:29,1,0,1
BRDA:29,1,1,0
BRDA:30,2,0,1
BRDA:30,3,0,1
BRDA:30,3,1,0
BRDA:31,4,0,0
BRDA:31,5,0,1
BRDA:31,5,1,1
BRDA:31,5,2,1
BRDA:32,6,0,0
BRDA:32,7,0,1
BRDA:32,7,1,1
BRDA:32,7,2,1
BRDA:33,8,0,0
BRDA:33,9,0,1
BRDA:33,9,1,1
BRDA:34,10,0,0
BRDA:34,11,0,1
BRDA:34,11,1,1
BRDA:35,12,0,0
BRDA:35,13,0,1
BRDA:35,13,1,1
BRDA:36,14,0,1
BRDA:36,15,0,1
BRDA:36,15,1,0
BRDA:36,16,0,1
BRDA:36,16,1,0
BRDA:36,17,0,1
BRDA:36,17,1,1
BRDA:37,18,0,1
BRDA:37,19,0,1
BRDA:37,19,1,0
BRDA:37,20,0,1
BRDA:37,20,1,0
BRDA:37,21,0,1
BRDA:37,21,1,1
BRDA:40,22,0,0
BRDA:40,23,0,0
BRDA:40,23,1,0
BRDA:41,24,0,0
BRDA:41,25,0,0
BRDA:41,25,1,0
BRDA:41,25,2,0
BRDA:42,26,0,0
BRDA:42,27,0,0
BRDA:42,27,1,0
BRDA:42,27,2,0
BRDA:43,28,0,0
BRDA:43,29,0,0
BRDA:43,29,1,0
BRDA:44,30,0,0
BRDA:44,31,0,0
BRDA:44,31,1,0
BRDA:45,32,0,0
BRDA:45,33,0,0
BRDA:45,33,1,0
BRDA:49,34,0,0
BRDA:49,35,0,1
BRDA:49,35,1,0
BRDA:49,36,0,1
BRDA:49,36,1,0
BRDA:49,37,0,1
BRDA:49,37,1,1
BRDA:52,38,0,0
BRDA:52,39,0,1
BRDA:52,39,1,0
BRDA:52,40,0,1
BRDA:52,40,1,0
BRDA:52,41,0,1
BRDA:52,41,1,1
BRF:71
BRH:33
end_of_record
TN:
SF:src/utils/supabaseClient.ts
FN:41,(anonymous_0)
FN:42,(anonymous_1)
FNF:2
FNH:1
FNDA:6,(anonymous_0)
FNDA:0,(anonymous_1)
DA:1,6
DA:4,6
DA:5,6
DA:7,6
DA:8,6
DA:10,6
DA:11,6
DA:14,6
DA:15,0
DA:18,6
DA:19,0
DA:24,6
DA:27,6
DA:28,6
DA:37,6
DA:40,6
DA:41,6
DA:42,0
DA:45,0
DA:46,0
DA:49,6
LF:21
LH:16
BRDA:7,0,0,6
BRDA:7,0,1,0
BRDA:8,1,0,6
BRDA:8,1,1,0
BRDA:10,2,0,6
BRDA:14,3,0,0
BRDA:18,4,0,0
BRF:7
BRH:3
end_of_record
TN:
SF:src/utils/supabaseUploader.ts
FN:17,(anonymous_8)
FN:17,(anonymous_9)
FN:51,(anonymous_10)
FN:53,(anonymous_11)
FN:60,(anonymous_12)
FN:98,(anonymous_14)
FN:98,(anonymous_15)
FN:103,(anonymous_16)
FN:108,(anonymous_17)
FN:163,(anonymous_18)
FN:163,(anonymous_19)
FN:190,(anonymous_20)
FN:194,(anonymous_21)
FN:238,(anonymous_22)
FN:241,(anonymous_23)
FNF:15
FNH:0
FNDA:0,(anonymous_8)
FNDA:0,(anonymous_9)
FNDA:0,(anonymous_10)
FNDA:0,(anonymous_11)
FNDA:0,(anonymous_12)
FNDA:0,(anonymous_14)
FNDA:0,(anonymous_15)
FNDA:0,(anonymous_16)
FNDA:0,(anonymous_17)
FNDA:0,(anonymous_18)
FNDA:0,(anonymous_19)
FNDA:0,(anonymous_20)
FNDA:0,(anonymous_21)
FNDA:0,(anonymous_22)
FNDA:0,(anonymous_23)
DA:1,0
DA:2,0
DA:3,0
DA:4,0
DA:7,0
DA:8,0
DA:9,0
DA:12,0
DA:13,0
DA:14,0
DA:17,0
DA:18,0
DA:19,0
DA:20,0
DA:29,0
DA:30,0
DA:32,0
DA:33,0
DA:34,0
DA:36,0
DA:37,0
DA:40,0
DA:47,0
DA:48,0
DA:49,0
DA:54,0
DA:55,0
DA:57,0
DA:61,0
DA:64,0
DA:65,0
DA:68,0
DA:70,0
DA:87,0
DA:88,0
DA:90,0
DA:93,0
DA:98,0
DA:99,0
DA:103,0
DA:108,0
DA:109,0
DA:110,0
DA:112,0
DA:114,0
DA:127,0
DA:128,0
DA:129,0
DA:133,0
DA:134,0
DA:136,0
DA:144,0
DA:145,0
DA:146,0
DA:149,0
DA:152,0
DA:153,0
DA:155,0
DA:157,0
DA:158,0
DA:163,0
DA:164,0
DA:166,0
DA:167,0
DA:168,0
DA:169,0
DA:171,0
DA:172,0
DA:174,0
DA:175,0
DA:176,0
DA:180,0
DA:181,0
DA:185,0
DA:190,0
DA:194,0
DA:195,0
DA:196,0
DA:197,0
DA:199,0
DA:200,0
DA:202,0
DA:204,0
DA:205,0
DA:206,0
DA:210,0
DA:212,0
DA:213,0
DA:216,0
DA:217,0
DA:219,0
DA:220,0
DA:223,0
DA:224,0
DA:227,0
DA:228,0
DA:229,0
DA:232,0
DA:233,0
DA:238,0
DA:241,0
DA:242,0
DA:243,0
DA:244,0
DA:246,0
DA:248,0
DA:250,0
DA:251,0
DA:252,0
DA:256,0
DA:257,0
DA:260,0
DA:262,0
DA:263,0
DA:266,0
DA:269,0
DA:270,0
DA:271,0
DA:274,0
DA:275,0
LF:120
LH:0
BRDA:12,0,0,0
BRDA:12,0,1,0
BRDA:12,1,0,0
BRDA:12,1,1,0
BRDA:13,2,0,0
BRDA:13,2,1,0
BRDA:13,3,0,0
BRDA:13,3,1,0
BRDA:14,4,0,0
BRDA:14,4,1,0
BRDA:14,5,0,0
BRDA:14,5,1,0
BRDA:25,6,0,0
BRDA:25,6,1,0
BRDA:32,7,0,0
BRDA:32,7,1,0
BRDA:54,8,0,0
BRDA:64,9,0,0
BRDA:64,9,1,0
BRDA:64,10,0,0
BRDA:64,10,1,0
BRDA:71,11,0,0
BRDA:71,11,1,0
BRDA:72,12,0,0
BRDA:72,12,1,0
BRDA:82,13,0,0
BRDA:82,13,1,0
BRDA:119,14,0,0
BRDA:119,14,1,0
BRDA:127,15,0,0
BRDA:144,16,0,0
BRDA:164,17,0,0
BRDA:167,18,0,0
BRDA:180,19,0,0
BRDA:196,20,0,0
BRDA:196,20,1,0
BRDA:210,21,0,0
BRDA:210,21,1,0
BRDA:212,22,0,0
BRDA:219,23,0,0
BRDA:219,24,0,0
BRDA:219,24,1,0
BRDA:256,25,0,0
BRDA:262,26,0,0
BRDA:262,27,0,0
BRDA:262,27,1,0
BRF:46
BRH:0
end_of_record
